2026-03-06 16:04:57,280 - Sistem basladi
2026-03-06 16:05:06,503 - Kisi tespit edildi ( ID = 0)
2026-03-06 16:05:14,721 - IHLAL BASLADI (ID = 0,tur =hareketsiz)
2026-03-06 16:05:16,205 - IHLAL BITTI (ID = 0,tur = hareketsiz)
2026-03-06 16:05:42,544 - Sistem basladi
2026-03-06 16:05:47,225 - Kisi tespit edildi ( ID = 0)
2026-03-06 16:05:47,225 - Kisi tespit edildi ( ID = 1)
2026-03-06 16:05:47,416 - Kisi tespit edildi ( ID = 2)
2026-03-06 16:05:47,562 - Kisi tespit edildi ( ID = 3)
2026-03-06 16:05:50,174 - IHLAL BASLADI (ID = 0,tur =hareketsiz)
2026-03-06 16:05:52,805 - IHLAL BITTI (ID = 0,tur = hareketsiz)
2026-03-06 17:44:39,078 - Sistem basladi
2026-03-06 17:44:44,604 - Kisi tespit edildi ( ID = 0)
2026-03-06 17:44:44,699 - Kisi tespit edildi ( ID = 1)
2026-03-06 17:44:45,036 - Kisi tespit edildi ( ID = 2)
2026-03-06 17:44:45,115 - Kisi tespit edildi ( ID = 3)
2026-03-06 17:44:45,263 - Kisi tespit edildi ( ID = 4)
2026-03-06 17:44:45,367 - Kisi tespit edildi ( ID = 5)
2026-03-06 17:44:46,177 - Kisi tespit edildi ( ID = 6)
2026-03-06 17:44:46,608 - Kisi tespit edildi ( ID = 7)
2026-03-06 17:44:46,709 - Kisi tespit edildi ( ID = 8)
2026-03-06 17:44:47,027 - Kisi tespit edildi ( ID = 9)
2026-03-06 17:44:47,121 - Kisi tespit edildi ( ID = 10)
2026-03-06 17:44:47,311 - Kisi tespit edildi ( ID = 11)
2026-03-06 17:44:47,852 - Kisi tespit edildi ( ID = 12)
2026-03-06 17:44:48,064 - Kisi tespit edildi ( ID = 13)
2026-03-06 17:44:48,388 - Kisi tespit edildi ( ID = 14)
2026-03-06 17:44:48,486 - Kisi tespit edildi ( ID = 15)
2026-03-06 17:44:49,129 - Kisi tespit edildi ( ID = 16)
2026-03-06 17:44:49,317 - Kisi tespit edildi ( ID = 17)
2026-03-06 17:44:49,423 - Kisi tespit edildi ( ID = 18)
2026-03-06 17:44:49,684 - Kisi tespit edildi ( ID = 19)
2026-03-06 17:44:49,931 - Kisi tespit edildi ( ID = 20)
2026-03-06 17:44:50,064 - Kisi tespit edildi ( ID = 21)
2026-03-06 17:44:50,227 - Kisi tespit edildi ( ID = 22)
2026-03-06 17:44:50,394 - Kisi tespit edildi ( ID = 23)
2026-03-06 17:44:50,530 - Kisi tespit edildi ( ID = 24)
2026-03-06 17:44:50,907 - Kisi tespit edildi ( ID = 25)
2026-03-06 17:44:51,848 - Kisi tespit edildi ( ID = 26)
2026-03-06 17:46:14,314 - Kisi tespit edildi ( ID = 486)
2026-03-06 17:46:15,610 - Kisi tespit edildi ( ID = 498)
2026-03-06 17:46:16,271 - Kisi tespit edildi ( ID = 499)
2026-03-06 17:46:16,443 - Kisi tespit edildi ( ID = 500)
2026-03-06 17:46:16,881 - Kisi tespit edildi ( ID = 501)
2026-03-06 17:46:17,108 - Kisi tespit edildi ( ID = 502)
2026-03-06 17:46:17,213 - Kisi tespit edildi ( ID = 503)
2026-03-06 17:46:17,285 - Kisi tespit edildi ( ID = 504)
2026-03-06 17:46:17,544 - Kisi tespit edildi ( ID = 505)
2026-03-06 17:46:17,727 - Kisi tespit edildi ( ID = 506)
2026-03-06 17:46:17,862 - Kisi tespit edildi ( ID = 507)
2026-03-06 17:46:18,071 - Kisi tespit edildi ( ID = 508)
2026-03-06 17:46:18,229 - Kisi tespit edildi ( ID = 509)
2026-03-06 17:46:18,334 - Kisi tespit edildi ( ID = 510)
2026-03-06 17:46:18,403 - Kisi tespit edildi ( ID = 511)
2026-03-06 17:46:18,730 - Kisi tespit edildi ( ID = 512)
2026-03-06 17:46:18,996 - Kisi tespit edildi ( ID = 513)
2026-03-06 17:46:19,267 - IHLAL BASLADI (ID = 498,tur =hareketsiz)
2026-03-06 17:46:19,513 - Kisi tespit edildi ( ID = 514)
2026-03-06 17:46:20,163 - Kisi tespit edildi ( ID = 515)
2026-03-06 17:46:20,231 - Kisi tespit edildi ( ID = 516)
2026-03-06 17:46:20,558 - Kisi tespit edildi ( ID = 517)
2026-03-06 17:46:20,558 - Kisi tespit edildi ( ID = 518)
2026-03-06 17:46:20,818 - Kisi tespit edildi ( ID = 519)
2026-03-06 17:46:20,883 - Kisi tespit edildi ( ID = 520)
2026-03-06 17:46:21,057 - IHLAL BITTI (ID = 498,tur = hareketsiz)
2026-03-06 17:46:21,094 - Kisi tespit edildi ( ID = 521)
2026-03-06 17:46:21,937 - Kisi tespit edildi ( ID = 522)
2026-03-06 17:46:21,937 - Kisi tespit edildi ( ID = 523)
2026-03-06 17:46:22,389 - Kisi tespit edildi ( ID = 524)
2026-03-06 17:46:22,623 - Kisi tespit edildi ( ID = 525)
2026-03-06 17:46:22,853 - Kisi tespit edildi ( ID = 526)
2026-03-06 17:46:23,370 - Kisi tespit edildi ( ID = 527)
2026-03-06 17:46:23,665 - Kisi tespit edildi ( ID = 528)
2026-03-06 17:46:23,728 - Kisi tespit edildi ( ID = 529)
2026-03-06 17:46:23,824 - Kisi tespit edildi ( ID = 530)
2026-03-06 17:46:24,141 - Kisi tespit edildi ( ID = 531)
2026-03-06 17:46:24,219 - Kisi tespit edildi ( ID = 532)
2026-03-06 17:46:24,382 - Kisi tespit edildi ( ID = 533)
2026-03-06 17:46:24,595 - Kisi tespit edildi ( ID = 534)
2026-03-06 17:46:24,795 - Kisi tespit edildi ( ID = 535)
2026-03-06 17:46:24,929 - Kisi tespit edildi ( ID = 536)
2026-03-06 17:46:25,057 - Kisi tespit edildi ( ID = 537)
2026-03-06 17:46:25,126 - Kisi tespit edildi ( ID = 538)
2026-03-06 17:46:25,233 - Kisi tespit edildi ( ID = 539)
2026-03-06 17:46:25,427 - Kisi tespit edildi ( ID = 540)
2026-03-06 17:46:25,500 - Kisi tespit edildi ( ID = 541)
2026-03-06 17:46:25,704 - Kisi tespit edildi ( ID = 542)
2026-03-06 17:46:25,779 - Kisi tespit edildi ( ID = 543)
2026-03-06 17:46:25,843 - IHLAL BASLADI (ID = 498,tur =hareketsiz)
2026-03-06 17:46:25,917 - Kisi tespit edildi ( ID = 544)
2026-03-06 17:46:25,989 - Kisi tespit edildi ( ID = 545)
2026-03-06 17:46:26,060 - Kisi tespit edildi ( ID = 546)
2026-03-06 17:46:26,193 - Kisi tespit edildi ( ID = 547)
2026-03-06 17:46:26,296 - Kisi tespit edildi ( ID = 548)
2026-03-06 17:46:26,471 - Kisi tespit edildi ( ID = 549)
2026-03-06 17:46:26,573 - Kisi tespit edildi ( ID = 550)
2026-03-06 17:46:26,772 - Kisi tespit edildi ( ID = 551)
2026-03-06 17:46:26,899 - IHLAL BITTI (ID = 498,tur = hareketsiz)
2026-03-06 17:46:26,900 - Kisi tespit edildi ( ID = 552)
2026-03-06 17:46:26,998 - Kisi tespit edildi ( ID = 553)
2026-03-06 17:46:27,326 - Kisi tespit edildi ( ID = 554)
2026-03-06 17:46:27,392 - Kisi tespit edildi ( ID = 555)
2026-03-06 17:46:27,456 - Kisi tespit edildi ( ID = 556)
2026-03-06 17:46:27,456 - Kisi tespit edildi ( ID = 557)
2026-03-06 17:46:27,517 - Kisi tespit edildi ( ID = 558)
2026-03-06 17:46:27,518 - Kisi tespit edildi ( ID = 559)
2026-03-06 17:46:27,647 - Kisi tespit edildi ( ID = 560)
2026-03-06 17:46:27,746 - Kisi tespit edildi ( ID = 561)
2026-03-06 17:46:27,808 - Kisi tespit edildi ( ID = 562)
2026-03-06 17:46:27,879 - Kisi tespit edildi ( ID = 563)
2026-03-06 17:50:02,080 - Sistem basladi
2026-03-06 17:50:07,538 - Kisi tespit edildi ( ID = 0)
2026-03-06 17:50:07,629 - Kisi tespit edildi ( ID = 1)
2026-03-06 17:50:07,739 - Kisi tespit edildi ( ID = 2)
2026-03-06 17:50:07,811 - Kisi tespit edildi ( ID = 3)
2026-03-06 17:50:07,879 - Kisi tespit edildi ( ID = 4)
2026-03-06 17:50:08,014 - Kisi tespit edildi ( ID = 5)
2026-03-06 17:50:08,127 - Kisi tespit edildi ( ID = 6)
2026-03-06 17:50:08,276 - Kisi tespit edildi ( ID = 7)
2026-03-06 17:50:08,351 - Kisi tespit edildi ( ID = 8)
2026-03-06 17:50:08,500 - Kisi tespit edildi ( ID = 9)
2026-03-06 17:50:08,619 - Kisi tespit edildi ( ID = 10)
2026-03-06 17:50:08,758 - Kisi tespit edildi ( ID = 11)
2026-03-06 17:50:09,131 - Kisi tespit edildi ( ID = 12)
2026-03-06 17:50:09,199 - Kisi tespit edildi ( ID = 13)
2026-03-06 17:50:09,264 - Kisi tespit edildi ( ID = 14)
2026-03-06 17:50:09,330 - Kisi tespit edildi ( ID = 15)
2026-03-06 17:50:09,503 - Kisi tespit edildi ( ID = 16)
2026-03-06 17:50:09,699 - Kisi tespit edildi ( ID = 17)
2026-03-06 17:50:09,767 - Kisi tespit edildi ( ID = 18)
2026-03-06 17:50:09,870 - Kisi tespit edildi ( ID = 19)
2026-03-06 17:50:10,069 - IHLAL BASLADI (ID = 0,tur =hareketsiz)
2026-03-06 17:50:10,142 - Kisi tespit edildi ( ID = 20)
2026-03-06 17:50:10,248 - Kisi tespit edildi ( ID = 21)
2026-03-06 17:50:10,329 - Kisi tespit edildi ( ID = 22)
2026-03-06 17:50:10,662 - Kisi tespit edildi ( ID = 23)
2026-03-06 17:50:10,825 - Kisi tespit edildi ( ID = 24)
2026-03-06 17:50:11,072 - Kisi tespit edildi ( ID = 25)
2026-03-06 17:50:11,140 - Kisi tespit edildi ( ID = 26)
2026-03-06 17:50:11,239 - Kisi tespit edildi ( ID = 27)
2026-03-06 17:50:11,442 - Kisi tespit edildi ( ID = 28)
2026-03-06 17:50:11,571 - Kisi tespit edildi ( ID = 29)
2026-03-06 17:50:11,730 - Kisi tespit edildi ( ID = 30)
2026-03-06 17:50:11,798 - Kisi tespit edildi ( ID = 31)
2026-03-06 17:50:11,866 - Kisi tespit edildi ( ID = 32)
2026-03-06 17:50:12,033 - Kisi tespit edildi ( ID = 33)
2026-03-06 17:50:12,099 - Kisi tespit edildi ( ID = 34)
2026-03-06 17:50:12,244 - Kisi tespit edildi ( ID = 35)
2026-03-06 17:50:12,332 - Kisi tespit edildi ( ID = 36)
2026-03-06 17:50:12,437 - Kisi tespit edildi ( ID = 37)
2026-03-06 17:50:12,535 - Kisi tespit edildi ( ID = 38)
2026-03-06 17:50:12,600 - Kisi tespit edildi ( ID = 39)
2026-03-06 17:50:12,700 - Kisi tespit edildi ( ID = 40)
2026-03-06 17:50:12,849 - Kisi tespit edildi ( ID = 41)
2026-03-06 17:50:12,955 - Kisi tespit edildi ( ID = 42)
2026-03-06 17:50:13,091 - Kisi tespit edildi ( ID = 43)
2026-03-06 17:50:13,318 - Kisi tespit edildi ( ID = 44)
2026-03-06 17:50:13,382 - Kisi tespit edildi ( ID = 45)
2026-03-06 17:50:13,542 - Kisi tespit edildi ( ID = 46)
2026-03-06 17:50:13,637 - Kisi tespit edildi ( ID = 47)
2026-03-06 17:50:13,738 - Kisi tespit edildi ( ID = 48)
2026-03-06 17:50:14,241 - Kisi tespit edildi ( ID = 49)
2026-03-06 17:50:14,431 - Kisi tespit edildi ( ID = 50)
2026-03-06 17:50:14,600 - Kisi tespit edildi ( ID = 51)
2026-03-06 17:50:14,700 - Kisi tespit edildi ( ID = 52)
2026-03-06 17:50:14,799 - Kisi tespit edildi ( ID = 53)
2026-03-06 17:50:14,993 - Kisi tespit edildi ( ID = 54)
2026-03-06 17:50:15,170 - Kisi tespit edildi ( ID = 55)
2026-03-06 17:50:15,628 - Kisi tespit edildi ( ID = 56)
2026-03-06 17:50:15,911 - Kisi tespit edildi ( ID = 57)
2026-03-06 17:50:16,039 - Kisi tespit edildi ( ID = 58)
2026-03-06 17:50:16,370 - Kisi tespit edildi ( ID = 59)
2026-03-06 17:50:16,467 - Kisi tespit edildi ( ID = 60)
2026-03-06 17:50:16,601 - Kisi tespit edildi ( ID = 61)
2026-03-06 17:50:16,670 - Kisi tespit edildi ( ID = 62)
2026-03-06 17:50:16,737 - Kisi tespit edildi ( ID = 63)
2026-03-06 17:50:16,868 - Kisi tespit edildi ( ID = 64)
2026-03-06 17:50:16,979 - Kisi tespit edildi ( ID = 65)
2026-03-06 17:50:17,048 - Kisi tespit edildi ( ID = 66)
2026-03-06 17:50:17,116 - Kisi tespit edildi ( ID = 67)
2026-03-06 17:50:17,183 - Kisi tespit edildi ( ID = 68)
2026-03-06 17:50:17,351 - Kisi tespit edildi ( ID = 69)
2026-03-06 17:50:17,844 - Kisi tespit edildi ( ID = 70)
2026-03-06 17:50:17,972 - Kisi tespit edildi ( ID = 71)
2026-03-06 17:50:18,241 - Kisi tespit edildi ( ID = 72)
2026-03-06 17:50:18,435 - Kisi tespit edildi ( ID = 73)
2026-03-06 17:50:18,568 - Kisi tespit edildi ( ID = 74)
2026-03-06 17:50:18,904 - Kisi tespit edildi ( ID = 75)
2026-03-06 17:50:18,973 - Kisi tespit edildi ( ID = 76)
2026-03-06 17:50:19,211 - Kisi tespit edildi ( ID = 77)
2026-03-06 17:50:19,346 - Kisi tespit edildi ( ID = 78)
2026-03-06 17:50:19,545 - Kisi tespit edildi ( ID = 79)
2026-03-06 17:50:19,622 - Kisi tespit edildi ( ID = 80)
2026-03-06 17:50:19,690 - Kisi tespit edildi ( ID = 81)
2026-03-07 01:42:07,085 - Sistem basladi
2026-03-07 01:42:13,220 - Kisi tespit edildi ( ID = 0)
2026-03-07 01:42:15,266 - IHLAL BASLADI (ID = 0,tur =hareketsiz)
2026-03-07 01:42:22,071 - IHLAL BITTI (ID = 0,tur = hareketsiz)
2026-03-07 01:42:25,999 - IHLAL BASLADI (ID = 0,tur =hareketsiz)
2026-03-07 01:42:31,071 - IHLAL BITTI (ID = 0,tur = hareketsiz)
2026-03-07 01:42:34,262 - IHLAL BASLADI (ID = 0,tur =hareketsiz)
2026-03-07 01:42:40,241 - IHLAL BITTI (ID = 0,tur = hareketsiz)
2026-03-07 01:42:43,521 - IHLAL BASLADI (ID = 0,tur =hareketsiz)
2026-03-07 01:42:47,446 - IHLAL BASLADÝ (ID=0,tur = goz_kapali)
2026-03-07 01:42:48,894 - IHLAL BITTI (ID = 0,tur=goz_kapali)
2026-03-07 01:42:49,888 - IHLAL BITTI (ID = 0,tur = hareketsiz)
2026-03-07 01:42:52,032 - IHLAL BASLADI (ID = 0,tur =hareketsiz)
2026-03-07 01:42:53,908 - IHLAL BITTI (ID = 0,tur = hareketsiz)
2026-03-07 02:08:04,722 - Sistem basladi
2026-03-07 02:08:10,471 - Kisi tespit edildi ( ID = 0)
2026-03-07 02:08:19,780 - IHLAL BASLADI (ID = 0,tur =hareketsiz)
2026-03-07 02:08:52,778 - IHLAL BITTI (ID = 0,tur = hareketsiz)
2026-03-07 02:08:56,238 - IHLAL BASLADI (ID = 0,tur =hareketsiz)
2026-03-07 02:09:01,331 - IHLAL BITTI (ID = 0,tur = hareketsiz)
2026-03-07 02:09:06,859 - IHLAL BASLADI (ID = 0,tur =hareketsiz)
2026-03-07 02:09:13,349 - IHLAL BITTI (ID = 0,tur = hareketsiz)
2026-03-07 02:09:17,933 - IHLAL BASLADI (ID = 0,tur =hareketsiz)
2026-03-07 02:29:40,190 - Sistem basladi
2026-03-07 02:29:45,730 - Kisi tespit edildi ( ID = 0)
2026-03-07 02:29:47,833 - IHLAL BASLADI (ID = 0,tur =hareketsiz)
2026-03-07 02:30:09,778 - IHLAL BITTI (ID = 0,tur = hareketsiz)
2026-03-07 02:30:10,491 - Kisi tespit edildi ( ID = 1)
2026-03-07 02:30:10,762 - Kisi tespit edildi ( ID = 2)
2026-03-07 02:30:14,573 - IHLAL BASLADI (ID = 2,tur =hareketsiz)
2026-03-07 02:30:18,809 - IHLAL BITTI (ID = 2,tur = hareketsiz)
2026-03-07 02:30:19,505 - Kisi tespit edildi ( ID = 3)
2026-03-07 02:30:20,605 - Kisi tespit edildi ( ID = 4)
