2026-03-05 14:14:37,112 - Sistem basladi
2026-03-05 14:14:48,826 - Kisi tespit edildi (ID = 0)
2026-03-05 14:14:50,870 - IHLAL BASLADI (ID=0,tur = hareketsiz)
2026-03-05 14:14:51,926 - IHLAL BITTI (ID = 0,tur=hareketsiz)
2026-03-05 14:14:54,124 - IHLAL BASLADI (ID=0,tur = hareketsiz)
2026-03-05 14:14:59,145 - IHLAL BITTI (ID = 0,tur=hareketsiz)
2026-03-05 14:18:59,161 - Sistem basladi
2026-03-05 14:19:04,110 - Kisi tespit edildi (ID = 0)
2026-03-05 14:19:06,636 - IHLAL BASLADI (ID=0,tur = hareketsiz)
2026-03-05 14:19:06,979 - IHLAL BITTI (ID = 0,tur=hareketsiz)
2026-03-05 14:19:19,927 - Kisi tespit edildi (ID = 1)
2026-03-05 14:19:20,199 - Kisi tespit edildi (ID = 2)
2026-03-05 14:19:20,471 - Kisi tespit edildi (ID = 3)
2026-03-05 14:19:20,599 - Kisi tespit edildi (ID = 4)
2026-03-05 14:19:21,126 - Kisi tespit edildi (ID = 5)
2026-03-05 14:19:25,586 - IHLAL BASLADI (ID=5,tur = hareketsiz)
2026-03-05 14:19:29,398 - IHLAL BITTI (ID = 5,tur=hareketsiz)
2026-03-05 14:19:34,259 - IHLAL BASLADI (ID=5,tur = hareketsiz)
2026-03-05 14:19:37,011 - IHLAL BITTI (ID = 5,tur=hareketsiz)
2026-03-05 14:19:39,999 - IHLAL BASLADI (ID=5,tur = hareketsiz)
2026-03-05 14:19:41,139 - IHLAL BITTI (ID = 5,tur=hareketsiz)
2026-03-05 14:26:56,147 - Sistem basladi
2026-03-05 14:27:00,662 - Kisi tespit edildi (ID = 0)
2026-03-05 14:27:02,730 - IHLAL BASLADI (ID=0,tur = hareketsiz)
2026-03-05 14:27:08,511 - IHLAL BITTI (ID = 0,tur=hareketsiz)
2026-03-05 14:27:09,583 - Kisi tespit edildi (ID = 1)
2026-03-05 14:27:11,587 - Kisi tespit edildi (ID = 2)
2026-03-05 14:27:14,174 - IHLAL BASLADI (ID=2,tur = hareketsiz)
2026-03-05 14:27:15,585 - IHLAL BITTI (ID = 2,tur=hareketsiz)
2026-03-05 14:27:16,117 - Kisi tespit edildi (ID = 3)
2026-03-05 14:27:54,384 - Sistem basladi
2026-03-05 14:27:58,139 - Kisi tespit edildi (ID = 0)
2026-03-05 14:28:00,230 - IHLAL BASLADI (ID=0,tur = hareketsiz)
2026-03-05 14:28:01,648 - IHLAL BITTI (ID = 0,tur=hareketsiz)
2026-03-05 14:28:03,502 - Kisi tespit edildi (ID = 1)
2026-03-05 22:05:43,649 - Sistem basladi
2026-03-05 22:05:50,621 - Kisi tespit edildi ( ID = 0)
2026-03-05 22:05:55,886 - IHLAL BASLADI (ID = 0,tur =hareketsiz)
2026-03-05 22:05:56,746 - IHLAL BITTI (ID = 0,tur = hareketsiz)
2026-03-05 22:05:58,283 - Kisi tespit edildi ( ID = 1)
